        -:    0:Source:dominion.c
        -:    0:Graph:dominion.gcno
        -:    0:Data:dominion.gcda
        -:    0:Runs:15
        -:    0:Programs:15
        -:    1:#include "dominion.h"
        -:    2:#include "dominion_helpers.h"
        -:    3:#include "rngs.h"
        -:    4:#include <stdio.h>
        -:    5:#include <math.h>
        -:    6:#include <stdlib.h>
        -:    7:
function compare called 292164 returned 100% blocks executed 100%
   292164:    8:int compare(const void* a, const void* b) {
   292164:    9:  if (*(int*)a > *(int*)b)
branch  0 taken 9% (fallthrough)
branch  1 taken 91%
    26244:   10:    return 1;
   265920:   11:  if (*(int*)a < *(int*)b)
branch  0 taken 27% (fallthrough)
branch  1 taken 73%
    71004:   12:    return -1;
   194916:   13:  return 0;
        -:   14:}
        -:   15:
function newGame called 0 returned 0% blocks executed 0%
    #####:   16:struct gameState* newGame() {
    #####:   17:  struct gameState* g = malloc(sizeof(struct gameState));
    #####:   18:  return g;
        -:   19:}
        -:   20:
function kingdomCards called 0 returned 0% blocks executed 0%
    #####:   21:int* kingdomCards(int k1, int k2, int k3, int k4, int k5, int k6, int k7,
        -:   22:		  int k8, int k9, int k10) {
    #####:   23:  int* k = malloc(10 * sizeof(int));
    #####:   24:  k[0] = k1;
    #####:   25:  k[1] = k2;
    #####:   26:  k[2] = k3;
    #####:   27:  k[3] = k4;
    #####:   28:  k[4] = k5;
    #####:   29:  k[5] = k6;
    #####:   30:  k[6] = k7;
    #####:   31:  k[7] = k8;
    #####:   32:  k[8] = k9;
    #####:   33:  k[9] = k10;
    #####:   34:  return k;
        -:   35:}
        -:   36:
function initializeGame called 7520 returned 100% blocks executed 97%
     7520:   37:int initializeGame(int numPlayers, int kingdomCards[10], int randomSeed,
        -:   38:		   struct gameState *state) {
        -:   39:
        -:   40:  int i;
        -:   41:  int j;
        -:   42:  int it;			
        -:   43:  //set up random number generator
     7520:   44:  SelectStream(1);
call    0 returned 100%
     7520:   45:  PutSeed((long)randomSeed);
call    0 returned 100%
        -:   46:  
        -:   47:  //check number of players
     7520:   48:  if (numPlayers > MAX_PLAYERS || numPlayers < 2)
branch  0 taken 73% (fallthrough)
branch  1 taken 27%
branch  2 taken 7% (fallthrough)
branch  3 taken 93%
        -:   49:    {
     2360:   50:      return -1;
        -:   51:    }
        -:   52:
        -:   53:  //set number of players
     5160:   54:  state->numPlayers = numPlayers;
        -:   55:
        -:   56:  //check selected kingdom cards are different
    56760:   57:  for (i = 0; i < 10; i++)
branch  0 taken 91%
branch  1 taken 9% (fallthrough)
        -:   58:    {
   567600:   59:      for (j = 0; j < 10; j++)
branch  0 taken 91%
branch  1 taken 9% (fallthrough)
        -:   60:        {
   516000:   61:	  if (j != i && kingdomCards[j] == kingdomCards[i])
branch  0 taken 90% (fallthrough)
branch  1 taken 10%
branch  2 taken 0% (fallthrough)
branch  3 taken 100%
        -:   62:	    {
    #####:   63:	      return -1;
        -:   64:	    }
        -:   65:        }
        -:   66:    }
        -:   67:
        -:   68:
        -:   69:  //initialize supply
        -:   70:  ///////////////////////////////
        -:   71:
        -:   72:  //set number of Curse cards
     5160:   73:  if (numPlayers == 2)
branch  0 taken 31% (fallthrough)
branch  1 taken 69%
        -:   74:    {
     1620:   75:      state->supplyCount[curse] = 10;
        -:   76:    }
     3540:   77:  else if (numPlayers == 3)
branch  0 taken 46% (fallthrough)
branch  1 taken 54%
        -:   78:    {
     1620:   79:      state->supplyCount[curse] = 20;
        -:   80:    }
        -:   81:  else
        -:   82:    {
     1920:   83:      state->supplyCount[curse] = 30;
        -:   84:    }
        -:   85:
        -:   86:  //set number of Victory cards
     5160:   87:  if (numPlayers == 2)
branch  0 taken 31% (fallthrough)
branch  1 taken 69%
        -:   88:    {
     1620:   89:      state->supplyCount[estate] = 8;
     1620:   90:      state->supplyCount[duchy] = 8;
     1620:   91:      state->supplyCount[province] = 8;
        -:   92:    }
        -:   93:  else
        -:   94:    {
     3540:   95:      state->supplyCount[estate] = 12;
     3540:   96:      state->supplyCount[duchy] = 12;
     3540:   97:      state->supplyCount[province] = 12;
        -:   98:    }
        -:   99:
        -:  100:  //set number of Treasure cards
     5160:  101:  state->supplyCount[copper] = 60 - (7 * numPlayers);
     5160:  102:  state->supplyCount[silver] = 40;
     5160:  103:  state->supplyCount[gold] = 30;
        -:  104:
        -:  105:  //set number of Kingdom cards
   108360:  106:  for (i = adventurer; i <= treasure_map; i++)       	//loop all cards
branch  0 taken 95%
branch  1 taken 5% (fallthrough)
        -:  107:    {
   851400:  108:      for (j = 0; j < 10; j++)           		//loop chosen cards
branch  0 taken 94%
branch  1 taken 6% (fallthrough)
        -:  109:	{
   799800:  110:	  if (kingdomCards[j] == i)
branch  0 taken 6% (fallthrough)
branch  1 taken 94%
        -:  111:	    {
        -:  112:	      //check if card is a 'Victory' Kingdom card
    51600:  113:	      if (kingdomCards[j] == great_hall || kingdomCards[j] == gardens)
branch  0 taken 99% (fallthrough)
branch  1 taken 1%
branch  2 taken 0% (fallthrough)
branch  3 taken 100%
        -:  114:		{
      360:  115:		  if (numPlayers == 2){ 
branch  0 taken 33% (fallthrough)
branch  1 taken 67%
       60:  116:		    state->supplyCount[i] = 8; 
        -:  117:		  }
      120:  118:		  else{ state->supplyCount[i] = 12; }
        -:  119:		}
        -:  120:	      else
        -:  121:		{
    51420:  122:		  state->supplyCount[i] = 10;
        -:  123:		}
    51600:  124:	      break;
        -:  125:	    }
        -:  126:	  else    //card is not in the set choosen for the game
        -:  127:	    {
   748200:  128:	      state->supplyCount[i] = -1;
        -:  129:	    }
        -:  130:	}
        -:  131:
        -:  132:    }
        -:  133:
        -:  134:  ////////////////////////
        -:  135:  //supply intilization complete
        -:  136:
        -:  137:  //set player decks
    20940:  138:  for (i = 0; i < numPlayers; i++)
branch  0 taken 75%
branch  1 taken 25% (fallthrough)
        -:  139:    {
    15780:  140:      state->deckCount[i] = 0;
    63120:  141:      for (j = 0; j < 3; j++)
branch  0 taken 75%
branch  1 taken 25% (fallthrough)
        -:  142:	{
    47340:  143:	  state->deck[i][j] = estate;
    47340:  144:	  state->deckCount[i]++;
        -:  145:	}
   126240:  146:      for (j = 3; j < 10; j++)
branch  0 taken 88%
branch  1 taken 13% (fallthrough)
        -:  147:	{
   110460:  148:	  state->deck[i][j] = copper;
   110460:  149:	  state->deckCount[i]++;		
        -:  150:	}
        -:  151:    }
        -:  152:
        -:  153:  //shuffle player decks
    20940:  154:  for (i = 0; i < numPlayers; i++)
branch  0 taken 75%
branch  1 taken 25% (fallthrough)
        -:  155:    {
    15780:  156:      if ( shuffle(i, state) < 0 )
call    0 returned 100%
branch  1 taken 0% (fallthrough)
branch  2 taken 100%
        -:  157:	{
    #####:  158:	  return -1;
        -:  159:	}
        -:  160:    }
        -:  161:
        -:  162:  //draw player hands
    20940:  163:  for (i = 0; i < numPlayers; i++)
branch  0 taken 75%
branch  1 taken 25% (fallthrough)
        -:  164:    {  
        -:  165:      //initialize hand size to zero
    15780:  166:      state->handCount[i] = 0;
    15780:  167:      state->discardCount[i] = 0;
        -:  168:      //draw 5 cards
        -:  169:      // for (j = 0; j < 5; j++)
        -:  170:      //	{
        -:  171:      //	  drawCard(i, state);
        -:  172:      //	}
        -:  173:    }
        -:  174:  
        -:  175:  //set embargo tokens to 0 for all supply piles
   144480:  176:  for (i = 0; i <= treasure_map; i++)
branch  0 taken 96%
branch  1 taken 4% (fallthrough)
        -:  177:    {
   139320:  178:      state->embargoTokens[i] = 0;
        -:  179:    }
        -:  180:
        -:  181:  //initialize first player's turn
     5160:  182:  state->outpostPlayed = 0;
     5160:  183:  state->phase = 0;
     5160:  184:  state->numActions = 1;
     5160:  185:  state->numBuys = 1;
     5160:  186:  state->playedCardCount = 0;
     5160:  187:  state->whoseTurn = 0;
     5160:  188:  state->handCount[state->whoseTurn] = 0;
        -:  189:  //int it; move to top
        -:  190:
        -:  191:  //Moved draw cards to here, only drawing at the start of a turn
    30960:  192:  for (it = 0; it < 5; it++){
branch  0 taken 83%
branch  1 taken 17% (fallthrough)
    25800:  193:    drawCard(state->whoseTurn, state);
call    0 returned 100%
        -:  194:  }
        -:  195:
     5160:  196:  updateCoins(state->whoseTurn, state, 0);
call    0 returned 100%
        -:  197:
     5160:  198:  return 0;
        -:  199:}
        -:  200:
function shuffle called 16864 returned 100% blocks executed 100%
    16864:  201:int shuffle(int player, struct gameState *state) {
        -:  202: 
        -:  203:
        -:  204:  int newDeck[MAX_DECK];
    16864:  205:  int newDeckPos = 0;
        -:  206:  int card;
        -:  207:  int i;
        -:  208:
    16864:  209:  if (state->deckCount[player] < 1)
branch  0 taken 6% (fallthrough)
branch  1 taken 94%
     1054:  210:    return -1;
    15810:  211:  qsort ((void*)(state->deck[player]), state->deckCount[player], sizeof(int), compare); 
call    0 returned 100%
        -:  212:  /* SORT CARDS IN DECK TO ENSURE DETERMINISM! */
        -:  213:
   197724:  214:  while (state->deckCount[player] > 0) {
branch  0 taken 91%
branch  1 taken 9% (fallthrough)
   166104:  215:    card = floor(Random() * state->deckCount[player]);
call    0 returned 100%
   166104:  216:    newDeck[newDeckPos] = state->deck[player][card];
   166104:  217:    newDeckPos++;
  1175234:  218:    for (i = card; i < state->deckCount[player]-1; i++) {
branch  0 taken 86%
branch  1 taken 14% (fallthrough)
  1009130:  219:      state->deck[player][i] = state->deck[player][i+1];
        -:  220:    }
   166104:  221:    state->deckCount[player]--;
        -:  222:  }
   181914:  223:  for (i = 0; i < newDeckPos; i++) {
branch  0 taken 91%
branch  1 taken 9% (fallthrough)
   166104:  224:    state->deck[player][i] = newDeck[i];
   166104:  225:    state->deckCount[player]++;
        -:  226:  }
        -:  227:
    15810:  228:  return 0;
        -:  229:}
        -:  230:
function playCard called 0 returned 0% blocks executed 0%
    #####:  231:int playCard(int handPos, int choice1, int choice2, int choice3, struct gameState *state) 
        -:  232:{	
        -:  233:  int card;
    #####:  234:  int coin_bonus = 0; 		//tracks coins gain from actions
        -:  235:
        -:  236:  //check if it is the right phase
    #####:  237:  if (state->phase != 0)
branch  0 never executed
branch  1 never executed
        -:  238:    {
    #####:  239:      return -1;
        -:  240:    }
        -:  241:	
        -:  242:  //check if player has enough actions
    #####:  243:  if ( state->numActions < 1 )
branch  0 never executed
branch  1 never executed
        -:  244:    {
    #####:  245:      return -1;
        -:  246:    }
        -:  247:	
        -:  248:  //get card played
    #####:  249:  card = handCard(handPos, state);
call    0 never executed
        -:  250:	
        -:  251:  //check if selected card is an action
    #####:  252:  if ( card < adventurer || card > treasure_map )
branch  0 never executed
branch  1 never executed
branch  2 never executed
branch  3 never executed
        -:  253:    {
    #####:  254:      return -1;
        -:  255:    }
        -:  256:	
        -:  257:  //play card
    #####:  258:  if ( cardEffect(card, choice1, choice2, choice3, state, handPos, &coin_bonus) < 0 )
call    0 never executed
branch  1 never executed
branch  2 never executed
        -:  259:    {
    #####:  260:      return -1;
        -:  261:    }
        -:  262:	
        -:  263:  //reduce number of actions
    #####:  264:  state->numActions--;
        -:  265:
        -:  266:  //update coins (Treasure cards may be added with card draws)
    #####:  267:  updateCoins(state->whoseTurn, state, coin_bonus);
call    0 never executed
        -:  268:	
    #####:  269:  return 0;
        -:  270:}
        -:  271:
function buyCard called 0 returned 0% blocks executed 0%
    #####:  272:int buyCard(int supplyPos, struct gameState *state) {
        -:  273:  int who;
        -:  274:  if (DEBUG){
        -:  275:    printf("Entering buyCard...\n");
        -:  276:  }
        -:  277:
        -:  278:  // I don't know what to do about the phase thing.
        -:  279:
    #####:  280:  who = state->whoseTurn;
        -:  281:
    #####:  282:  if (state->numBuys < 1){
branch  0 never executed
branch  1 never executed
        -:  283:    if (DEBUG)
        -:  284:      printf("You do not have any buys left\n");
    #####:  285:    return -1;
    #####:  286:  } else if (supplyCount(supplyPos, state) <1){
call    0 never executed
branch  1 never executed
branch  2 never executed
        -:  287:    if (DEBUG)
        -:  288:      printf("There are not any of that type of card left\n");
    #####:  289:    return -1;
    #####:  290:  } else if (state->coins < getCost(supplyPos)){
call    0 never executed
branch  1 never executed
branch  2 never executed
        -:  291:    if (DEBUG) 
        -:  292:      printf("You do not have enough money to buy that. You have %d coins.\n", state->coins);
    #####:  293:    return -1;
        -:  294:  } else {
    #####:  295:    state->phase=1;
        -:  296:    //state->supplyCount[supplyPos]--;
    #####:  297:    gainCard(supplyPos, state, 0, who); //card goes in discard, this might be wrong.. (2 means goes into hand, 0 goes into discard)
call    0 never executed
        -:  298:  
    #####:  299:    state->coins = (state->coins) - (getCost(supplyPos));
call    0 never executed
    #####:  300:    state->numBuys--;
        -:  301:    if (DEBUG)
        -:  302:      printf("You bought card number %d for %d coins. You now have %d buys and %d coins.\n", supplyPos, getCost(supplyPos), state->numBuys, state->coins);
        -:  303:  }
        -:  304:
        -:  305:  //state->discard[who][state->discardCount[who]] = supplyPos;
        -:  306:  //state->discardCount[who]++;
        -:  307:    
    #####:  308:  return 0;
        -:  309:}
        -:  310:
function numHandCards called 1500 returned 100% blocks executed 100%
     1500:  311:int numHandCards(struct gameState *state) {
     1500:  312:  return state->handCount[ whoseTurn(state) ];
call    0 returned 100%
        -:  313:}
        -:  314:
function handCard called 0 returned 0% blocks executed 0%
    #####:  315:int handCard(int handPos, struct gameState *state) {
    #####:  316:  int currentPlayer = whoseTurn(state);
call    0 never executed
    #####:  317:  return state->hand[currentPlayer][handPos];
        -:  318:}
        -:  319:
function supplyCount called 5000 returned 100% blocks executed 100%
     5000:  320:int supplyCount(int card, struct gameState *state) {
     5000:  321:  return state->supplyCount[card];
        -:  322:}
        -:  323:
function fullDeckCount called 6 returned 100% blocks executed 82%
        6:  324:int fullDeckCount(int player, int card, struct gameState *state) {
        -:  325:  int i;
        6:  326:  int count = 0;
        -:  327:
       24:  328:  for (i = 0; i < state->deckCount[player]; i++)
branch  0 taken 75%
branch  1 taken 25% (fallthrough)
        -:  329:    {
       18:  330:      if (state->deck[player][i] == card) count++;
branch  0 taken 0% (fallthrough)
branch  1 taken 100%
        -:  331:    }
        -:  332:
       24:  333:  for (i = 0; i < state->handCount[player]; i++)
branch  0 taken 75%
branch  1 taken 25% (fallthrough)
        -:  334:    {
       18:  335:      if (state->hand[player][i] == card) count++;
branch  0 taken 0% (fallthrough)
branch  1 taken 100%
        -:  336:    }
        -:  337:
       24:  338:  for (i = 0; i < state->discardCount[player]; i++)
branch  0 taken 75%
branch  1 taken 25% (fallthrough)
        -:  339:    {
       18:  340:      if (state->discard[player][i] == card) count++;
branch  0 taken 0% (fallthrough)
branch  1 taken 100%
        -:  341:    }
        -:  342:
        6:  343:  return count;
        -:  344:}
        -:  345:
function whoseTurn called 43870 returned 100% blocks executed 100%
    43870:  346:int whoseTurn(struct gameState *state) {
    43870:  347:  return state->whoseTurn;
        -:  348:}
        -:  349:
function endTurn called 0 returned 0% blocks executed 0%
    #####:  350:int endTurn(struct gameState *state) {
        -:  351:  int k;
        -:  352:  int i;
    #####:  353:  int currentPlayer = whoseTurn(state);
call    0 never executed
        -:  354:  
        -:  355:  //Discard hand
    #####:  356:  for (i = 0; i < state->handCount[currentPlayer]; i++){
branch  0 never executed
branch  1 never executed
    #####:  357:    state->discard[currentPlayer][state->discardCount[currentPlayer]++] = state->hand[currentPlayer][i];//Discard
    #####:  358:    state->hand[currentPlayer][i] = -1;//Set card to -1
        -:  359:  }
    #####:  360:  state->handCount[currentPlayer] = 0;//Reset hand count
        -:  361:    
        -:  362:  //Code for determining the player
    #####:  363:  if (currentPlayer < (state->numPlayers - 1)){ 
branch  0 never executed
branch  1 never executed
    #####:  364:    state->whoseTurn = currentPlayer + 1;//Still safe to increment
        -:  365:  }
        -:  366:  else{
    #####:  367:    state->whoseTurn = 0;//Max player has been reached, loop back around to player 1
        -:  368:  }
        -:  369:
    #####:  370:  state->outpostPlayed = 0;
    #####:  371:  state->phase = 0;
    #####:  372:  state->numActions = 1;
    #####:  373:  state->coins = 0;
    #####:  374:  state->numBuys = 1;
    #####:  375:  state->playedCardCount = 0;
    #####:  376:  state->handCount[state->whoseTurn] = 0;
        -:  377:
        -:  378:  //int k; move to top
        -:  379:  //Next player draws hand
    #####:  380:  for (k = 0; k < 5; k++){
branch  0 never executed
branch  1 never executed
    #####:  381:    drawCard(state->whoseTurn, state);//Draw a card
call    0 never executed
        -:  382:  }
        -:  383:
        -:  384:  //Update money
    #####:  385:  updateCoins(state->whoseTurn, state , 0);
call    0 never executed
        -:  386:
    #####:  387:  return 0;
        -:  388:}
        -:  389:
function isGameOver called 0 returned 0% blocks executed 0%
    #####:  390:int isGameOver(struct gameState *state) {
        -:  391:  int i;
        -:  392:  int j;
        -:  393:	
        -:  394:  //if stack of Province cards is empty, the game ends
    #####:  395:  if (state->supplyCount[province] == 0)
branch  0 never executed
branch  1 never executed
        -:  396:    {
    #####:  397:      return 1;
        -:  398:    }
        -:  399:
        -:  400:  //if three supply pile are at 0, the game ends
    #####:  401:  j = 0;
    #####:  402:  for (i = 0; i < 25; i++)
branch  0 never executed
branch  1 never executed
        -:  403:    {
    #####:  404:      if (state->supplyCount[i] == 0)
branch  0 never executed
branch  1 never executed
        -:  405:	{
    #####:  406:	  j++;
        -:  407:	}
        -:  408:    }
    #####:  409:  if ( j >= 3)
branch  0 never executed
branch  1 never executed
        -:  410:    {
    #####:  411:      return 1;
        -:  412:    }
        -:  413:
    #####:  414:  return 0;
        -:  415:}
        -:  416:
function scoreFor called 4 returned 100% blocks executed 78%
        4:  417:int scoreFor (int player, struct gameState *state) {
        -:  418:
        -:  419:  int i;
        4:  420:  int score = 0;
        -:  421:  //score from hand
       16:  422:  for (i = 0; i < state->handCount[player]; i++)
branch  0 taken 75%
branch  1 taken 25% (fallthrough)
        -:  423:    {
       12:  424:      if (state->hand[player][i] == curse) { score = score - 1; };
branch  0 taken 25% (fallthrough)
branch  1 taken 75%
       12:  425:      if (state->hand[player][i] == estate) { score = score + 1; };
branch  0 taken 50% (fallthrough)
branch  1 taken 50%
       12:  426:      if (state->hand[player][i] == duchy) { score = score + 3; };
branch  0 taken 0% (fallthrough)
branch  1 taken 100%
       12:  427:      if (state->hand[player][i] == province) { score = score + 6; };
branch  0 taken 25% (fallthrough)
branch  1 taken 75%
       12:  428:      if (state->hand[player][i] == great_hall) { score = score + 1; };
branch  0 taken 0% (fallthrough)
branch  1 taken 100%
       12:  429:      if (state->hand[player][i] == gardens) { score = score + ( fullDeckCount(player, 0, state) / 10 ); };
branch  0 taken 0% (fallthrough)
branch  1 taken 100%
call    2 never executed
        -:  430:    }
        -:  431:
        -:  432:  //score from discard
       16:  433:  for (i = 0; i < state->discardCount[player]; i++)
branch  0 taken 75%
branch  1 taken 25% (fallthrough)
        -:  434:    {
       12:  435:      if (state->discard[player][i] == curse) { score = score - 1; };
branch  0 taken 0% (fallthrough)
branch  1 taken 100%
       12:  436:      if (state->discard[player][i] == estate) { score = score + 1; };
branch  0 taken 0% (fallthrough)
branch  1 taken 100%
       12:  437:      if (state->discard[player][i] == duchy) { score = score + 3; };
branch  0 taken 75% (fallthrough)
branch  1 taken 25%
       12:  438:      if (state->discard[player][i] == province) { score = score + 6; };
branch  0 taken 0% (fallthrough)
branch  1 taken 100%
       12:  439:      if (state->discard[player][i] == great_hall) { score = score + 1; };
branch  0 taken 25% (fallthrough)
branch  1 taken 75%
       12:  440:      if (state->discard[player][i] == gardens) { score = score + ( fullDeckCount(player, 0, state) / 10 ); };
branch  0 taken 0% (fallthrough)
branch  1 taken 100%
call    2 never executed
        -:  441:    }
        -:  442:
        -:  443:  //score from deck
       16:  444:  for (i = 0; i < state->discardCount[player]; i++)
branch  0 taken 75%
branch  1 taken 25% (fallthrough)
        -:  445:    {
       12:  446:      if (state->deck[player][i] == curse) { score = score - 1; };
branch  0 taken 25% (fallthrough)
branch  1 taken 75%
       12:  447:      if (state->deck[player][i] == estate) { score = score + 1; };
branch  0 taken 0% (fallthrough)
branch  1 taken 100%
       12:  448:      if (state->deck[player][i] == duchy) { score = score + 3; };
branch  0 taken 0% (fallthrough)
branch  1 taken 100%
       12:  449:      if (state->deck[player][i] == province) { score = score + 6; };
branch  0 taken 25% (fallthrough)
branch  1 taken 75%
       12:  450:      if (state->deck[player][i] == great_hall) { score = score + 1; };
branch  0 taken 25% (fallthrough)
branch  1 taken 75%
       12:  451:      if (state->deck[player][i] == gardens) { score = score + ( fullDeckCount(player, 0, state) / 10 ); };
branch  0 taken 25% (fallthrough)
branch  1 taken 75%
call    2 returned 100%
        -:  452:    }
        -:  453:
        4:  454:  return score;
        -:  455:}
        -:  456:
function getWinners called 0 returned 0% blocks executed 0%
    #####:  457:int getWinners(int players[MAX_PLAYERS], struct gameState *state) {
        -:  458:  int i;	
        -:  459:  int j;
        -:  460:  int highScore;
        -:  461:  int currentPlayer;
        -:  462:
        -:  463:  //get score for each player
    #####:  464:  for (i = 0; i < MAX_PLAYERS; i++)
branch  0 never executed
branch  1 never executed
        -:  465:    {
        -:  466:      //set unused player scores to -9999
    #####:  467:      if (i >= state->numPlayers)
branch  0 never executed
branch  1 never executed
        -:  468:	{
    #####:  469:	  players[i] = -9999;
        -:  470:	}
        -:  471:      else
        -:  472:	{
    #####:  473:	  players[i] = scoreFor (i, state);
call    0 never executed
        -:  474:	}
        -:  475:    }
        -:  476:
        -:  477:  //find highest score
    #####:  478:  j = 0;
    #####:  479:  for (i = 0; i < MAX_PLAYERS; i++)
branch  0 never executed
branch  1 never executed
        -:  480:    {
    #####:  481:      if (players[i] > players[j])
branch  0 never executed
branch  1 never executed
        -:  482:	{
    #####:  483:	  j = i;
        -:  484:	}
        -:  485:    }
    #####:  486:  highScore = players[j];
        -:  487:
        -:  488:  //add 1 to players who had less turns
    #####:  489:  currentPlayer = whoseTurn(state);
call    0 never executed
    #####:  490:  for (i = 0; i < MAX_PLAYERS; i++)
branch  0 never executed
branch  1 never executed
        -:  491:    {
    #####:  492:      if ( players[i] == highScore && i > currentPlayer )
branch  0 never executed
branch  1 never executed
branch  2 never executed
branch  3 never executed
        -:  493:	{
    #####:  494:	  players[i]++;
        -:  495:	}
        -:  496:    }
        -:  497:
        -:  498:  //find new highest score
    #####:  499:  j = 0;
    #####:  500:  for (i = 0; i < MAX_PLAYERS; i++)
branch  0 never executed
branch  1 never executed
        -:  501:    {
    #####:  502:      if ( players[i] > players[j] )
branch  0 never executed
branch  1 never executed
        -:  503:	{
    #####:  504:	  j = i;
        -:  505:	}
        -:  506:    }
    #####:  507:  highScore = players[j];
        -:  508:
        -:  509:  //set winners in array to 1 and rest to 0
    #####:  510:  for (i = 0; i < MAX_PLAYERS; i++)
branch  0 never executed
branch  1 never executed
        -:  511:    {
    #####:  512:      if ( players[i] == highScore )
branch  0 never executed
branch  1 never executed
        -:  513:	{
    #####:  514:	  players[i] = 1;
        -:  515:	}
        -:  516:      else
        -:  517:	{
    #####:  518:	  players[i] = 0;
        -:  519:	}
        -:  520:    }
        -:  521:
    #####:  522:  return 0;
        -:  523:}
        -:  524:
function drawCard called 71136 returned 100% blocks executed 100%
    71136:  525:int drawCard(int player, struct gameState *state)
        -:  526:{	int count;
        -:  527:  int deckCounter;
    71136:  528:  if (state->deckCount[player] <= 0){//Deck is empty
branch  0 taken 1% (fallthrough)
branch  1 taken 99%
        -:  529:    
        -:  530:    //Step 1 Shuffle the discard pile back into a deck
        -:  531:    int i;
        -:  532:    //Move discard to deck
    23036:  533:    for (i = 0; i < state->discardCount[player];i++){
branch  0 taken 97%
branch  1 taken 3% (fallthrough)
    22311:  534:      state->deck[player][i] = state->discard[player][i];
    22311:  535:      state->discard[player][i] = -1;
        -:  536:    }
        -:  537:
      725:  538:    state->deckCount[player] = state->discardCount[player];
      725:  539:    state->discardCount[player] = 0;//Reset discard
        -:  540:
        -:  541:    //Shufffle the deck
      725:  542:    shuffle(player, state);//Shuffle the deck up and make it so that we can draw
call    0 returned 100%
        -:  543:   
        -:  544:    if (DEBUG){//Debug statements
        -:  545:      printf("Deck count now: %d\n", state->deckCount[player]);
        -:  546:    }
        -:  547:    
      725:  548:    state->discardCount[player] = 0;
        -:  549:
        -:  550:    //Step 2 Draw Card
      725:  551:    count = state->handCount[player];//Get current player's hand count
        -:  552:    
        -:  553:    if (DEBUG){//Debug statements
        -:  554:      printf("Current hand count: %d\n", count);
        -:  555:    }
        -:  556:    
      725:  557:    deckCounter = state->deckCount[player];//Create a holder for the deck count
        -:  558:
      725:  559:    if (deckCounter == 0)
branch  0 taken 95% (fallthrough)
branch  1 taken 5%
      686:  560:      return -1;
        -:  561:
       39:  562:    state->hand[player][count] = state->deck[player][deckCounter - 1];//Add card to hand
       39:  563:    state->deckCount[player]--;
       39:  564:    state->handCount[player]++;//Increment hand count
        -:  565:  }
        -:  566:
        -:  567:  else{
    70411:  568:    int count = state->handCount[player];//Get current hand count for player
        -:  569:    int deckCounter;
        -:  570:    if (DEBUG){//Debug statements
        -:  571:      printf("Current hand count: %d\n", count);
        -:  572:    }
        -:  573:
    70411:  574:    deckCounter = state->deckCount[player];//Create holder for the deck count
    70411:  575:    state->hand[player][count] = state->deck[player][deckCounter - 1];//Add card to the hand
    70411:  576:    state->deckCount[player]--;
    70411:  577:    state->handCount[player]++;//Increment hand count
        -:  578:  }
        -:  579:
    70450:  580:  return 0;
        -:  581:}
        -:  582:
function getCost called 0 returned 0% blocks executed 0%
    #####:  583:int getCost(int cardNumber)
        -:  584:{
    #####:  585:  switch( cardNumber ) 
branch  0 never executed
branch  1 never executed
branch  2 never executed
branch  3 never executed
branch  4 never executed
branch  5 never executed
branch  6 never executed
branch  7 never executed
branch  8 never executed
branch  9 never executed
branch 10 never executed
branch 11 never executed
branch 12 never executed
branch 13 never executed
branch 14 never executed
branch 15 never executed
branch 16 never executed
branch 17 never executed
branch 18 never executed
branch 19 never executed
branch 20 never executed
branch 21 never executed
branch 22 never executed
branch 23 never executed
branch 24 never executed
branch 25 never executed
branch 26 never executed
branch 27 never executed
        -:  586:    {
        -:  587:    case curse:
    #####:  588:      return 0;
        -:  589:    case estate:
    #####:  590:      return 2;
        -:  591:    case duchy:
    #####:  592:      return 5;
        -:  593:    case province:
    #####:  594:      return 8;
        -:  595:    case copper:
    #####:  596:      return 0;
        -:  597:    case silver:
    #####:  598:      return 3;
        -:  599:    case gold:
    #####:  600:      return 6;
        -:  601:    case adventurer:
    #####:  602:      return 6;
        -:  603:    case council_room:
    #####:  604:      return 5;
        -:  605:    case feast:
    #####:  606:      return 4;
        -:  607:    case gardens:
    #####:  608:      return 4;
        -:  609:    case mine:
    #####:  610:      return 5;
        -:  611:    case remodel:
    #####:  612:      return 4;
        -:  613:    case smithy:
    #####:  614:      return 4;
        -:  615:    case village:
    #####:  616:      return 3;
        -:  617:    case baron:
    #####:  618:      return 4;
        -:  619:    case great_hall:
    #####:  620:      return 3;
        -:  621:    case minion:
    #####:  622:      return 5;
        -:  623:    case steward:
    #####:  624:      return 3;
        -:  625:    case tribute:
    #####:  626:      return 5;
        -:  627:    case ambassador:
    #####:  628:      return 3;
        -:  629:    case cutpurse:
    #####:  630:      return 4;
        -:  631:    case embargo: 
    #####:  632:      return 2;
        -:  633:    case outpost:
    #####:  634:      return 5;
        -:  635:    case salvager:
    #####:  636:      return 4;
        -:  637:    case sea_hag:
    #####:  638:      return 4;
        -:  639:    case treasure_map:
    #####:  640:      return 4;
        -:  641:    }
        -:  642:	
    #####:  643:  return -1;
        -:  644:}
        -:  645:
function playAdventurer called 1050 returned 100% blocks executed 100%
     1050:  646:int playAdventurer(struct gameState * state)
        -:  647:{
     1050:  648:  int currentPlayer = whoseTurn(state);
call    0 returned 100%
     1050:  649:  int drawntreasure = 0;
        -:  650:  int cardDrawn;
        -:  651:  int temphand[MAX_HAND];
     1050:  652:  int z = 0; //counter for tempand
    24810:  653:  while(drawntreasure<2){
branch  0 taken 96%
branch  1 taken 4% (fallthrough)
    22710:  654:    if (state->deckCount[currentPlayer] <1){//if the deck is empty we need to shuffle discard and add to deck
branch  0 taken 2% (fallthrough)
branch  1 taken 98%
      359:  655: 	shuffle(currentPlayer, state);
call    0 returned 100%
        -:  656:    }
    22710:  657:    drawCard(currentPlayer, state);
call    0 returned 100%
    22710:  658:    cardDrawn = state->hand[currentPlayer][state->handCount[currentPlayer]-1];//top card of hand is most recently drawn card.
    22710:  659:    if (cardDrawn == copper || cardDrawn == silver || cardDrawn == gold){
branch  0 taken 95% (fallthrough)
branch  1 taken 5%
branch  2 taken 98% (fallthrough)
branch  3 taken 2%
branch  4 taken 2% (fallthrough)
branch  5 taken 98%
     2100:  660:     	 drawntreasure++;
        -:  661:	}
        -:  662:    else{
    20610:  663:      temphand[z]=cardDrawn;
    20610:  664:      state->handCount[currentPlayer]--; //this should just remove the top card (the most recently drawn one).
    20610:  665:      z++;
        -:  666:    }
        -:  667:  }
        -:  668:  // Bug1: Unexpected increment of numBuys
     1050:  669:  state->numBuys++;
    21270:  670:  while(z-1>=0){
branch  0 taken 95%
branch  1 taken 5% (fallthrough)
    19170:  671:    state->discard[currentPlayer][state->discardCount[currentPlayer]++]=temphand[z-1]; // discard all cards in play that have been drawn
    19170:  672:    z=z-1;
        -:  673:        }
     1050:  674:  return 0;
        -:  675:}
        -:  676:
function playSmithy called 20300 returned 100% blocks executed 100%
    20300:  677:int playSmithy(struct gameState *state, int handPos)
        -:  678:{
    20300:  679:  int currentPlayer = whoseTurn(state);
call    0 returned 100%
        -:  680:  int i;
        -:  681:  //+3 Cards
        -:  682:  // Bug2: Unexpected number of cards drawn
    22506:  683:  for (i = handPos; i < 3; i++)
branch  0 taken 10%
branch  1 taken 90% (fallthrough)
        -:  684:  {
     2206:  685:    drawCard(currentPlayer, state);
call    0 returned 100%
        -:  686:  }
        -:  687:        
        -:  688:  //discard card from hand
    20300:  689:  discardCard(handPos, currentPlayer, state, 0);
call    0 returned 100%
    20300:  690:  return 0;
        -:  691:}
        -:  692:
function playRemodel called 0 returned 0% blocks executed 0%
    #####:  693:int playRemodel(struct gameState *state, int choice1, int choice2, int handPos)
        -:  694:{
    #####:  695:  int currentPlayer = whoseTurn(state);
call    0 never executed
        -:  696:  int i;
    #####:  697:  int j = state->hand[currentPlayer][choice1];  //store card we will trash
        -:  698:
    #####:  699:  if ( (getCost(state->hand[currentPlayer][choice1]) + 2) > getCost(choice2) )
call    0 never executed
call    1 never executed
branch  2 never executed
branch  3 never executed
        -:  700:  {
    #####:  701:    return -1;
        -:  702:  }
        -:  703:
    #####:  704:  gainCard(choice2, state, 0, currentPlayer);
call    0 never executed
        -:  705:
        -:  706:  //discard card from hand
    #####:  707:  discardCard(handPos, currentPlayer, state, 0);
call    0 never executed
        -:  708:
        -:  709:  //discard trashed card
    #####:  710:  for (i = 0; i < state->handCount[currentPlayer]; i++)
branch  0 never executed
branch  1 never executed
        -:  711:  {
    #####:  712:    if (state->hand[currentPlayer][i] == j)
branch  0 never executed
branch  1 never executed
        -:  713:      {
    #####:  714:        discardCard(i, currentPlayer, state, 0);      
call    0 never executed
    #####:  715:        break;
        -:  716:      }
        -:  717:  }
        -:  718:
        -:  719:
    #####:  720:  return 0;
        -:  721:}
        -:  722:
function playSea_Hag called 0 returned 0% blocks executed 0%
    #####:  723:int playSea_Hag(struct gameState *state)
        -:  724:{
    #####:  725:  int currentPlayer = whoseTurn(state);
call    0 never executed
        -:  726:  int i;
    #####:  727:  for (i = 0; i < state->numPlayers; i++){
branch  0 never executed
branch  1 never executed
    #####:  728:    if (i != currentPlayer){
branch  0 never executed
branch  1 never executed
    #####:  729:      state->discard[i][state->discardCount[i]] = state->deck[i][state->deckCount[i]--];          
        -:  730:      //  Bug3: deckCount for player i is not decremented 
    #####:  731:      state->discardCount[i]++;
    #####:  732:      state->deck[i][state->deckCount[i]--] = curse;//Top card now a curse
        -:  733:    }
        -:  734:  }
    #####:  735:  return 0;
        -:  736:}
        -:  737:
function playCouncil_Room called 0 returned 0% blocks executed 0%
    #####:  738:int playCouncil_Room(struct gameState *state, int handPos)
        -:  739:{
    #####:  740:  int currentPlayer = whoseTurn(state);
call    0 never executed
        -:  741:  int i;
        -:  742:  //+4 Cards
    #####:  743:  for (i = 0; i < 4; i++)
branch  0 never executed
branch  1 never executed
        -:  744:  {
    #####:  745:    drawCard(currentPlayer, state);
call    0 never executed
        -:  746:  }
        -:  747:        
        -:  748:  //+1 Buy
    #####:  749:  state->numBuys++;
        -:  750:  
        -:  751:  //Each other player draws a card
    #####:  752:  for (i = 0; i < state->numPlayers; i++)
branch  0 never executed
branch  1 never executed
        -:  753:  {
    #####:  754:    if ( i != currentPlayer )
branch  0 never executed
branch  1 never executed
        -:  755:      {
    #####:  756:        drawCard(i, state);
call    0 never executed
        -:  757:      }
        -:  758:  }
        -:  759:  
        -:  760:  // Bug4: Card is not discarded
        -:  761:  
    #####:  762:  return 0;
        -:  763:}
        -:  764:
function cardEffect called 21020 returned 100% blocks executed 9%
    21020:  765:int cardEffect(int card, int choice1, int choice2, int choice3, struct gameState *state, int handPos, int *bonus)
        -:  766:{
        -:  767:  int i;
        -:  768:  int j;
        -:  769:  int k;
        -:  770:  int x;
        -:  771:  int index;
    21020:  772:  int currentPlayer = whoseTurn(state);
call    0 returned 100%
    21020:  773:  int nextPlayer = currentPlayer + 1;
        -:  774:
    21020:  775:  int tributeRevealedCards[2] = {-1, -1};
        -:  776:  int temphand[MAX_HAND];// moved above the if statement
    21020:  777:  if (nextPlayer > (state->numPlayers - 1)){
branch  0 taken 97% (fallthrough)
branch  1 taken 3%
    20360:  778:    nextPlayer = 0;
        -:  779:  }
        -:  780:  
    21020:  781:  if(card == adventurer)
branch  0 taken 1% (fallthrough)
branch  1 taken 99%
        -:  782:  {
      300:  783:    return playAdventurer(state);
call    0 returned 100%
        -:  784:  }
    20720:  785:  else if(card == smithy)
branch  0 taken 1% (fallthrough)
branch  1 taken 99%
        -:  786:  {
      300:  787:    return playSmithy(state, handPos);
call    0 returned 100%
        -:  788:  }
    20420:  789:  else if (card == remodel)
branch  0 taken 0% (fallthrough)
branch  1 taken 100%
        -:  790:  {
    #####:  791:    return playRemodel(state, choice1, choice2, handPos);
call    0 never executed
        -:  792:  }
    20420:  793:  else if (card == sea_hag)
branch  0 taken 0% (fallthrough)
branch  1 taken 100%
        -:  794:  {
    #####:  795:    return playSea_Hag(state);
call    0 never executed
        -:  796:  }
    20420:  797:  else if (card == council_room)
branch  0 taken 0% (fallthrough)
branch  1 taken 100%
        -:  798:  {
    #####:  799:    return playCouncil_Room(state, handPos);
call    0 never executed
        -:  800:  }
        -:  801:	else
        -:  802:  {
        -:  803:    //uses switch to select card and perform actions
    20420:  804:    switch( card ) 
branch  0 taken 0%
branch  1 taken 0%
branch  2 taken 0%
branch  3 taken 1%
branch  4 taken 0%
branch  5 taken 99%
branch  6 taken 0%
branch  7 taken 0%
branch  8 taken 0%
branch  9 taken 0%
branch 10 taken 0%
branch 11 taken 0%
branch 12 taken 0%
branch 13 taken 0%
branch 14 taken 0%
branch 15 taken 0%
        -:  805:    {
        -:  806:  			
        -:  807:      case feast:
        -:  808:        //gain card with cost up to 5
        -:  809:        //Backup hand
    #####:  810:        for (i = 0; i <= state->handCount[currentPlayer]; i++){
branch  0 never executed
branch  1 never executed
    #####:  811:  	temphand[i] = state->hand[currentPlayer][i];//Backup card
    #####:  812:  	state->hand[currentPlayer][i] = -1;//Set to nothing
        -:  813:        }
        -:  814:        //Backup hand
        -:  815:
        -:  816:        //Update Coins for Buy
    #####:  817:        updateCoins(currentPlayer, state, 5);
call    0 never executed
    #####:  818:        x = 1;//Condition to loop on
    #####:  819:        while( x == 1) {//Buy one card
branch  0 never executed
branch  1 never executed
    #####:  820:  	if (supplyCount(choice1, state) <= 0){
call    0 never executed
branch  1 never executed
branch  2 never executed
        -:  821:  	  if (DEBUG)
        -:  822:  	    printf("None of that card left, sorry!\n");
        -:  823:
        -:  824:  	  if (DEBUG){
        -:  825:  	    printf("Cards Left: %d\n", supplyCount(choice1, state));
        -:  826:  	  }
        -:  827:  	}
    #####:  828:  	else if (state->coins < getCost(choice1)){
call    0 never executed
branch  1 never executed
branch  2 never executed
    #####:  829:  	  printf("That card is too expensive!\n");
call    0 never executed
        -:  830:
        -:  831:  	  if (DEBUG){
        -:  832:  	    printf("Coins: %d < %d\n", state->coins, getCost(choice1));
        -:  833:  	  }
        -:  834:  	}
        -:  835:  	else{
        -:  836:
        -:  837:  	  if (DEBUG){
        -:  838:  	    printf("Deck Count: %d\n", state->handCount[currentPlayer] + state->deckCount[currentPlayer] + state->discardCount[currentPlayer]);
        -:  839:  	  }
        -:  840:
    #####:  841:  	  gainCard(choice1, state, 0, currentPlayer);//Gain the card
call    0 never executed
    #####:  842:  	  x = 0;//No more buying cards
        -:  843:
        -:  844:  	  if (DEBUG){
        -:  845:  	    printf("Deck Count: %d\n", state->handCount[currentPlayer] + state->deckCount[currentPlayer] + state->discardCount[currentPlayer]);
        -:  846:  	  }
        -:  847:
        -:  848:  	}
        -:  849:        }     
        -:  850:
        -:  851:        //Reset Hand
    #####:  852:        for (i = 0; i <= state->handCount[currentPlayer]; i++){
branch  0 never executed
branch  1 never executed
    #####:  853:  	state->hand[currentPlayer][i] = temphand[i];
    #####:  854:  	temphand[i] = -1;
        -:  855:        }
        -:  856:        //Reset Hand
        -:  857:        			
    #####:  858:        return 0;
        -:  859:  			
        -:  860:      case gardens:
    #####:  861:        return -1;
        -:  862:  			
        -:  863:      case mine:
    #####:  864:        j = state->hand[currentPlayer][choice1];  //store card we will trash
        -:  865:
    #####:  866:        if (state->hand[currentPlayer][choice1] < copper || state->hand[currentPlayer][choice1] > gold)
branch  0 never executed
branch  1 never executed
branch  2 never executed
branch  3 never executed
        -:  867:  	{
    #####:  868:  	  return -1;
        -:  869:  	}
        -:  870:  		
    #####:  871:        if (choice2 > treasure_map || choice2 < curse)
branch  0 never executed
branch  1 never executed
branch  2 never executed
branch  3 never executed
        -:  872:  	{
    #####:  873:  	  return -1;
        -:  874:  	}
        -:  875:
    #####:  876:        if ( (getCost(state->hand[currentPlayer][choice1]) + 3) > getCost(choice2) )
call    0 never executed
call    1 never executed
branch  2 never executed
branch  3 never executed
        -:  877:  	{
    #####:  878:  	  return -1;
        -:  879:  	}
        -:  880:
    #####:  881:        gainCard(choice2, state, 2, currentPlayer);
call    0 never executed
        -:  882:
        -:  883:        //discard card from hand
    #####:  884:        discardCard(handPos, currentPlayer, state, 0);
call    0 never executed
        -:  885:
        -:  886:        //discard trashed card
    #####:  887:        for (i = 0; i < state->handCount[currentPlayer]; i++)
branch  0 never executed
branch  1 never executed
        -:  888:  	{
    #####:  889:  	  if (state->hand[currentPlayer][i] == j)
branch  0 never executed
branch  1 never executed
        -:  890:  	    {
    #####:  891:  	      discardCard(i, currentPlayer, state, 0);			
call    0 never executed
    #####:  892:  	      break;
        -:  893:  	    }
        -:  894:  	}
        -:  895:  			
    #####:  896:        return 0;
        -:  897:  			
        -:  898:
        -:  899:  		
        -:  900:      case village:
        -:  901:        //+1 Card
      120:  902:        drawCard(currentPlayer, state);
call    0 returned 100%
        -:  903:  			
        -:  904:        //+2 Actions
      120:  905:        state->numActions = state->numActions + 2;
        -:  906:  			
        -:  907:        //discard played card from hand
      120:  908:        discardCard(handPos, currentPlayer, state, 0);
call    0 returned 100%
      120:  909:        return 0;
        -:  910:  		
        -:  911:      case baron:
    #####:  912:        state->numBuys++;//Increase buys by 1!
    #####:  913:        if (choice1 > 0){//Boolean true or going to discard an estate
branch  0 never executed
branch  1 never executed
    #####:  914:  	int p = 0;//Iterator for hand!
    #####:  915:  	int card_not_discarded = 1;//Flag for discard set!
    #####:  916:  	while(card_not_discarded){
branch  0 never executed
branch  1 never executed
    #####:  917:  	  if (state->hand[currentPlayer][p] == estate){//Found an estate card!
branch  0 never executed
branch  1 never executed
    #####:  918:  	    state->coins += 4;//Add 4 coins to the amount of coins
    #####:  919:  	    state->discard[currentPlayer][state->discardCount[currentPlayer]] = state->hand[currentPlayer][p];
    #####:  920:  	    state->discardCount[currentPlayer]++;
    #####:  921:  	    for (;p < state->handCount[currentPlayer]; p++){
branch  0 never executed
branch  1 never executed
    #####:  922:  	      state->hand[currentPlayer][p] = state->hand[currentPlayer][p+1];
        -:  923:  	    }
    #####:  924:  	    state->hand[currentPlayer][state->handCount[currentPlayer]] = -1;
    #####:  925:  	    state->handCount[currentPlayer]--;
    #####:  926:  	    card_not_discarded = 0;//Exit the loop
        -:  927:  	  }
    #####:  928:  	  else if (p > state->handCount[currentPlayer]){
branch  0 never executed
branch  1 never executed
        -:  929:  	    if(DEBUG) {
        -:  930:  	      printf("No estate cards in your hand, invalid choice\n");
        -:  931:  	      printf("Must gain an estate if there are any\n");
        -:  932:  	    }
    #####:  933:  	    if (supplyCount(estate, state) > 0){
call    0 never executed
branch  1 never executed
branch  2 never executed
    #####:  934:  	      gainCard(estate, state, 0, currentPlayer);
call    0 never executed
    #####:  935:  	      state->supplyCount[estate]--;//Decrement estates
    #####:  936:  	      if (supplyCount(estate, state) == 0){
call    0 never executed
branch  1 never executed
branch  2 never executed
    #####:  937:  		isGameOver(state);
call    0 never executed
        -:  938:  	      }
        -:  939:  	    }
    #####:  940:  	    card_not_discarded = 0;//Exit the loop
        -:  941:  	  }
        -:  942:  			    
        -:  943:  	  else{
    #####:  944:  	    p++;//Next card
        -:  945:  	  }
        -:  946:  	}
        -:  947:        }
        -:  948:  			    
        -:  949:        else{
    #####:  950:  	if (supplyCount(estate, state) > 0){
call    0 never executed
branch  1 never executed
branch  2 never executed
    #####:  951:  	  gainCard(estate, state, 0, currentPlayer);//Gain an estate
call    0 never executed
    #####:  952:  	  state->supplyCount[estate]--;//Decrement Estates
    #####:  953:  	  if (supplyCount(estate, state) == 0){
call    0 never executed
branch  1 never executed
branch  2 never executed
    #####:  954:  	    isGameOver(state);
call    0 never executed
        -:  955:  	  }
        -:  956:  	}
        -:  957:        }
        -:  958:  	    
        -:  959:        
    #####:  960:        return 0;
        -:  961:  		
        -:  962:      case great_hall:
        -:  963:        //+1 Card
    20300:  964:        drawCard(currentPlayer, state);
call    0 returned 100%
        -:  965:  			
        -:  966:        //+1 Actions
    20300:  967:        state->numActions++;
        -:  968:  			
        -:  969:        //discard card from hand
    20300:  970:        discardCard(handPos, currentPlayer, state, 0);
call    0 returned 100%
    20300:  971:        return 0;
        -:  972:  		
        -:  973:      case minion:
        -:  974:        //+1 action
    #####:  975:        state->numActions++;
        -:  976:  			
        -:  977:        //discard card from hand
    #####:  978:        discardCard(handPos, currentPlayer, state, 0);
call    0 never executed
        -:  979:  			
    #####:  980:        if (choice1)		//+2 coins
branch  0 never executed
branch  1 never executed
        -:  981:  	{
    #####:  982:  	  state->coins = state->coins + 2;
        -:  983:  	}
        -:  984:  			
    #####:  985:        else if (choice2)		//discard hand, redraw 4, other players with 5+ cards discard hand and draw 4
branch  0 never executed
branch  1 never executed
        -:  986:  	{
        -:  987:  	  //discard hand
    #####:  988:  	  while(numHandCards(state) > 0)
call    0 never executed
branch  1 never executed
branch  2 never executed
        -:  989:  	    {
    #####:  990:  	      discardCard(handPos, currentPlayer, state, 0);
call    0 never executed
        -:  991:  	    }
        -:  992:  				
        -:  993:  	  //draw 4
    #####:  994:  	  for (i = 0; i < 4; i++)
branch  0 never executed
branch  1 never executed
        -:  995:  	    {
    #####:  996:  	      drawCard(currentPlayer, state);
call    0 never executed
        -:  997:  	    }
        -:  998:  				
        -:  999:  	  //other players discard hand and redraw if hand size > 4
    #####: 1000:  	  for (i = 0; i < state->numPlayers; i++)
branch  0 never executed
branch  1 never executed
        -: 1001:  	    {
    #####: 1002:  	      if (i != currentPlayer)
branch  0 never executed
branch  1 never executed
        -: 1003:  		{
    #####: 1004:  		  if ( state->handCount[i] > 4 )
branch  0 never executed
branch  1 never executed
        -: 1005:  		    {
        -: 1006:  		      //discard hand
    #####: 1007:  		      while( state->handCount[i] > 0 )
branch  0 never executed
branch  1 never executed
        -: 1008:  			{
    #####: 1009:  			  discardCard(handPos, i, state, 0);
call    0 never executed
        -: 1010:  			}
        -: 1011:  							
        -: 1012:  		      //draw 4
    #####: 1013:  		      for (j = 0; j < 4; j++)
branch  0 never executed
branch  1 never executed
        -: 1014:  			{
    #####: 1015:  			  drawCard(i, state);
call    0 never executed
        -: 1016:  			}
        -: 1017:  		    }
        -: 1018:  		}
        -: 1019:  	    }
        -: 1020:  				
        -: 1021:  	}
    #####: 1022:        return 0;
        -: 1023:  		
        -: 1024:      case steward:
    #####: 1025:        if (choice1 == 1)
branch  0 never executed
branch  1 never executed
        -: 1026:  	{
        -: 1027:  	  //+2 cards
    #####: 1028:  	  drawCard(currentPlayer, state);
call    0 never executed
    #####: 1029:  	  drawCard(currentPlayer, state);
call    0 never executed
        -: 1030:  	}
    #####: 1031:        else if (choice1 == 2)
branch  0 never executed
branch  1 never executed
        -: 1032:  	{
        -: 1033:  	  //+2 coins
    #####: 1034:  	  state->coins = state->coins + 2;
        -: 1035:  	}
        -: 1036:        else
        -: 1037:  	{
        -: 1038:  	  //trash 2 cards in hand
    #####: 1039:  	  discardCard(choice2, currentPlayer, state, 1);
call    0 never executed
    #####: 1040:  	  discardCard(choice3, currentPlayer, state, 1);
call    0 never executed
        -: 1041:  	}
        -: 1042:  			
        -: 1043:        //discard card from hand
    #####: 1044:        discardCard(handPos, currentPlayer, state, 0);
call    0 never executed
    #####: 1045:        return 0;
        -: 1046:  		
        -: 1047:      case tribute:
    #####: 1048:        if ((state->discardCount[nextPlayer] + state->deckCount[nextPlayer]) <= 1){
branch  0 never executed
branch  1 never executed
    #####: 1049:  	if (state->deckCount[nextPlayer] > 0){
branch  0 never executed
branch  1 never executed
    #####: 1050:  	  tributeRevealedCards[0] = state->deck[nextPlayer][state->deckCount[nextPlayer]-1];
    #####: 1051:  	  state->deckCount[nextPlayer]--;
        -: 1052:  	}
    #####: 1053:  	else if (state->discardCount[nextPlayer] > 0){
branch  0 never executed
branch  1 never executed
    #####: 1054:  	  tributeRevealedCards[0] = state->discard[nextPlayer][state->discardCount[nextPlayer]-1];
    #####: 1055:  	  state->discardCount[nextPlayer]--;
        -: 1056:  	}
        -: 1057:  	else{
        -: 1058:  	  //No Card to Reveal
        -: 1059:  	  if (DEBUG){
        -: 1060:  	    printf("No cards to reveal\n");
        -: 1061:  	  }
        -: 1062:  	}
        -: 1063:        }
        -: 1064:  	    
        -: 1065:        else{
    #####: 1066:  	if (state->deckCount[nextPlayer] == 0){
branch  0 never executed
branch  1 never executed
    #####: 1067:  	  for (i = 0; i < state->discardCount[nextPlayer]; i++){
branch  0 never executed
branch  1 never executed
    #####: 1068:  	    state->deck[nextPlayer][i] = state->discard[nextPlayer][i];//Move to deck
    #####: 1069:  	    state->deckCount[nextPlayer]++;
    #####: 1070:  	    state->discard[nextPlayer][i] = -1;
    #####: 1071:  	    state->discardCount[nextPlayer]--;
        -: 1072:  	  }
        -: 1073:  			    
    #####: 1074:  	  shuffle(nextPlayer,state);//Shuffle the deck
call    0 never executed
        -: 1075:  	} 
    #####: 1076:  	tributeRevealedCards[0] = state->deck[nextPlayer][state->deckCount[nextPlayer]-1];
    #####: 1077:  	state->deck[nextPlayer][state->deckCount[nextPlayer]--] = -1;
    #####: 1078:  	state->deckCount[nextPlayer]--;
    #####: 1079:  	tributeRevealedCards[1] = state->deck[nextPlayer][state->deckCount[nextPlayer]-1];
    #####: 1080:  	state->deck[nextPlayer][state->deckCount[nextPlayer]--] = -1;
    #####: 1081:  	state->deckCount[nextPlayer]--;
        -: 1082:        }    
        -: 1083:  		       
    #####: 1084:        if (tributeRevealedCards[0] == tributeRevealedCards[1]){//If we have a duplicate card, just drop one 
branch  0 never executed
branch  1 never executed
    #####: 1085:  	state->playedCards[state->playedCardCount] = tributeRevealedCards[1];
    #####: 1086:  	state->playedCardCount++;
    #####: 1087:  	tributeRevealedCards[1] = -1;
        -: 1088:        }
        -: 1089:
    #####: 1090:        for (i = 0; i <= 2; i ++){
branch  0 never executed
branch  1 never executed
    #####: 1091:  	if (tributeRevealedCards[i] == copper || tributeRevealedCards[i] == silver || tributeRevealedCards[i] == gold){//Treasure cards
branch  0 never executed
branch  1 never executed
branch  2 never executed
branch  3 never executed
branch  4 never executed
branch  5 never executed
    #####: 1092:  	  state->coins += 2;
        -: 1093:  	}
        -: 1094:  		    
    #####: 1095:  	else if (tributeRevealedCards[i] == estate || tributeRevealedCards[i] == duchy || tributeRevealedCards[i] == province || tributeRevealedCards[i] == gardens || tributeRevealedCards[i] == great_hall){//Victory Card Found
branch  0 never executed
branch  1 never executed
branch  2 never executed
branch  3 never executed
branch  4 never executed
branch  5 never executed
branch  6 never executed
branch  7 never executed
branch  8 never executed
branch  9 never executed
    #####: 1096:  	  drawCard(currentPlayer, state);
call    0 never executed
    #####: 1097:  	  drawCard(currentPlayer, state);
call    0 never executed
        -: 1098:  	}
        -: 1099:  	else{//Action Card
    #####: 1100:  	  state->numActions = state->numActions + 2;
        -: 1101:  	}
        -: 1102:        }
        -: 1103:  	    
    #####: 1104:        return 0;
        -: 1105:  		
        -: 1106:      case ambassador:
    #####: 1107:        j = 0;		//used to check if player has enough cards to discard
        -: 1108:
    #####: 1109:        if (choice2 > 2 || choice2 < 0)
branch  0 never executed
branch  1 never executed
branch  2 never executed
branch  3 never executed
        -: 1110:  	{
    #####: 1111:  	  return -1;				
        -: 1112:  	}
        -: 1113:
    #####: 1114:        if (choice1 == handPos)
branch  0 never executed
branch  1 never executed
        -: 1115:  	{
    #####: 1116:  	  return -1;
        -: 1117:  	}
        -: 1118:
    #####: 1119:        for (i = 0; i < state->handCount[currentPlayer]; i++)
branch  0 never executed
branch  1 never executed
        -: 1120:  	{
    #####: 1121:  	  if (i != handPos && i == state->hand[currentPlayer][choice1] && i != choice1)
branch  0 never executed
branch  1 never executed
branch  2 never executed
branch  3 never executed
branch  4 never executed
branch  5 never executed
        -: 1122:  	    {
    #####: 1123:  	      j++;
        -: 1124:  	    }
        -: 1125:  	}
    #####: 1126:        if (j < choice2)
branch  0 never executed
branch  1 never executed
        -: 1127:  	{
    #####: 1128:  	  return -1;				
        -: 1129:  	}
        -: 1130:
        -: 1131:        if (DEBUG) 
        -: 1132:  	printf("Player %d reveals card number: %d\n", currentPlayer, state->hand[currentPlayer][choice1]);
        -: 1133:
        -: 1134:        //increase supply count for choosen card by amount being discarded
    #####: 1135:        state->supplyCount[state->hand[currentPlayer][choice1]] += choice2;
        -: 1136:  			
        -: 1137:        //each other player gains a copy of revealed card
    #####: 1138:        for (i = 0; i < state->numPlayers; i++)
branch  0 never executed
branch  1 never executed
        -: 1139:  	{
    #####: 1140:  	  if (i != currentPlayer)
branch  0 never executed
branch  1 never executed
        -: 1141:  	    {
    #####: 1142:  	      gainCard(state->hand[currentPlayer][choice1], state, 0, i);
call    0 never executed
        -: 1143:  	    }
        -: 1144:  	}
        -: 1145:
        -: 1146:        //discard played card from hand
    #####: 1147:        discardCard(handPos, currentPlayer, state, 0);			
call    0 never executed
        -: 1148:
        -: 1149:        //trash copies of cards returned to supply
    #####: 1150:        for (j = 0; j < choice2; j++)
branch  0 never executed
branch  1 never executed
        -: 1151:  	{
    #####: 1152:  	  for (i = 0; i < state->handCount[currentPlayer]; i++)
branch  0 never executed
branch  1 never executed
        -: 1153:  	    {
    #####: 1154:  	      if (state->hand[currentPlayer][i] == state->hand[currentPlayer][choice1])
branch  0 never executed
branch  1 never executed
        -: 1155:  		{
    #####: 1156:  		  discardCard(i, currentPlayer, state, 1);
call    0 never executed
    #####: 1157:  		  break;
        -: 1158:  		}
        -: 1159:  	    }
        -: 1160:  	}			
        -: 1161:
    #####: 1162:        return 0;
        -: 1163:  		
        -: 1164:      case cutpurse:
        -: 1165:
    #####: 1166:        updateCoins(currentPlayer, state, 2);
call    0 never executed
    #####: 1167:        for (i = 0; i < state->numPlayers; i++)
branch  0 never executed
branch  1 never executed
        -: 1168:  	{
    #####: 1169:  	  if (i != currentPlayer)
branch  0 never executed
branch  1 never executed
        -: 1170:  	    {
    #####: 1171:  	      for (j = 0; j < state->handCount[i]; j++)
branch  0 never executed
branch  1 never executed
        -: 1172:  		{
    #####: 1173:  		  if (state->hand[i][j] == copper)
branch  0 never executed
branch  1 never executed
        -: 1174:  		    {
    #####: 1175:  		      discardCard(j, i, state, 0);
call    0 never executed
    #####: 1176:  		      break;
        -: 1177:  		    }
    #####: 1178:  		  if (j == state->handCount[i])
branch  0 never executed
branch  1 never executed
        -: 1179:  		    {
    #####: 1180:  		      for (k = 0; k < state->handCount[i]; k++)
branch  0 never executed
branch  1 never executed
        -: 1181:  			{
        -: 1182:  			  if (DEBUG)
        -: 1183:  			    printf("Player %d reveals card number %d\n", i, state->hand[i][k]);
        -: 1184:  			}	
    #####: 1185:  		      break;
        -: 1186:  		    }		
        -: 1187:  		}
        -: 1188:  					
        -: 1189:  	    }
        -: 1190:  				
        -: 1191:  	}				
        -: 1192:
        -: 1193:        //discard played card from hand
    #####: 1194:        discardCard(handPos, currentPlayer, state, 0);			
call    0 never executed
        -: 1195:
    #####: 1196:        return 0;
        -: 1197:
        -: 1198:  		
        -: 1199:      case embargo: 
        -: 1200:        //+2 Coins
    #####: 1201:        state->coins = state->coins + 2;
        -: 1202:  			
        -: 1203:        //see if selected pile is in play
    #####: 1204:        if ( state->supplyCount[choice1] == -1 )
branch  0 never executed
branch  1 never executed
        -: 1205:  	{
    #####: 1206:  	  return -1;
        -: 1207:  	}
        -: 1208:  			
        -: 1209:        //add embargo token to selected supply pile
    #####: 1210:        state->embargoTokens[choice1]++;
        -: 1211:  			
        -: 1212:        //trash card
    #####: 1213:        discardCard(handPos, currentPlayer, state, 1);		
call    0 never executed
    #####: 1214:        return 0;
        -: 1215:  		
        -: 1216:      case outpost:
        -: 1217:        //set outpost flag
    #####: 1218:        state->outpostPlayed++;
        -: 1219:  			
        -: 1220:        //discard card
    #####: 1221:        discardCard(handPos, currentPlayer, state, 0);
call    0 never executed
    #####: 1222:        return 0;
        -: 1223:  		
        -: 1224:      case salvager:
        -: 1225:        //+1 buy
    #####: 1226:        state->numBuys++;
        -: 1227:  			
    #####: 1228:        if (choice1)
branch  0 never executed
branch  1 never executed
        -: 1229:  	{
        -: 1230:  	  //gain coins equal to trashed card
    #####: 1231:  	  state->coins = state->coins + getCost( handCard(choice1, state) );
call    0 never executed
call    1 never executed
        -: 1232:  	  //trash card
    #####: 1233:  	  discardCard(choice1, currentPlayer, state, 1);	
call    0 never executed
        -: 1234:  	}
        -: 1235:  			
        -: 1236:        //discard card
    #####: 1237:        discardCard(handPos, currentPlayer, state, 0);
call    0 never executed
    #####: 1238:        return 0;
        -: 1239:  		
        -: 1240:      
        -: 1241:  		
        -: 1242:      case treasure_map:
        -: 1243:        //search hand for another treasure_map
    #####: 1244:        index = -1;
    #####: 1245:        for (i = 0; i < state->handCount[currentPlayer]; i++)
branch  0 never executed
branch  1 never executed
        -: 1246:  	{
    #####: 1247:  	  if (state->hand[currentPlayer][i] == treasure_map && i != handPos)
branch  0 never executed
branch  1 never executed
branch  2 never executed
branch  3 never executed
        -: 1248:  	    {
    #####: 1249:  	      index = i;
    #####: 1250:  	      break;
        -: 1251:  	    }
        -: 1252:  	}
    #####: 1253:        if (index > -1)
branch  0 never executed
branch  1 never executed
        -: 1254:  	{
        -: 1255:  	  //trash both treasure cards
    #####: 1256:  	  discardCard(handPos, currentPlayer, state, 1);
call    0 never executed
    #####: 1257:  	  discardCard(index, currentPlayer, state, 1);
call    0 never executed
        -: 1258:
        -: 1259:  	  //gain 4 Gold cards
    #####: 1260:  	  for (i = 0; i < 4; i++)
branch  0 never executed
branch  1 never executed
        -: 1261:  	    {
    #####: 1262:  	      gainCard(gold, state, 1, currentPlayer);
call    0 never executed
        -: 1263:  	    }
        -: 1264:  				
        -: 1265:  	  //return success
    #####: 1266:  	  return 1;
        -: 1267:  	}
        -: 1268:  			
        -: 1269:        //no second treasure_map found in hand
    #####: 1270:        return -1;
        -: 1271:      }
        -: 1272:    }
        -: 1273:	
    #####: 1274:  return -1;
        -: 1275:}
        -: 1276:
function discardCard called 40720 returned 100% blocks executed 100%
    40720: 1277:int discardCard(int handPos, int currentPlayer, struct gameState *state, int trashFlag)
        -: 1278:{
        -: 1279:	
        -: 1280:  //if card is not trashed, added to Played pile 
    40720: 1281:  if (trashFlag < 1)
branch  0 taken 100% (fallthrough)
branch  1 taken 0%
        -: 1282:    {
        -: 1283:      //add card to played pile
    40720: 1284:      state->playedCards[state->playedCardCount] = state->hand[currentPlayer][handPos]; 
    40720: 1285:      state->playedCardCount++;
        -: 1286:    }
        -: 1287:	
        -: 1288:  //set played card to -1
    40720: 1289:  state->hand[currentPlayer][handPos] = -1;
        -: 1290:	
        -: 1291:  //remove card from player's hand
    40720: 1292:  if ( handPos == (state->handCount[currentPlayer] - 1) ) 	//last card in hand array is played
branch  0 taken 1% (fallthrough)
branch  1 taken 99%
        -: 1293:    {
        -: 1294:      //reduce number of cards in hand
      226: 1295:      state->handCount[currentPlayer]--;
        -: 1296:    }
    40494: 1297:  else if ( state->handCount[currentPlayer] == 1 ) //only one card in hand
branch  0 taken 1% (fallthrough)
branch  1 taken 99%
        -: 1298:    {
        -: 1299:      //reduce number of cards in hand
       48: 1300:      state->handCount[currentPlayer]--;
        -: 1301:    }
        -: 1302:  else 	
        -: 1303:    {
        -: 1304:      //replace discarded card with last card in hand
    40446: 1305:      state->hand[currentPlayer][handPos] = state->hand[currentPlayer][ (state->handCount[currentPlayer] - 1)];
        -: 1306:      //set last card to -1
    40446: 1307:      state->hand[currentPlayer][state->handCount[currentPlayer] - 1] = -1;
        -: 1308:      //reduce number of cards in hand
    40446: 1309:      state->handCount[currentPlayer]--;
        -: 1310:    }
        -: 1311:	
    40720: 1312:  return 0;
        -: 1313:}
        -: 1314:
function gainCard called 0 returned 0% blocks executed 0%
    #####: 1315:int gainCard(int supplyPos, struct gameState *state, int toFlag, int player)
        -: 1316:{
        -: 1317:  //Note: supplyPos is enum of choosen card
        -: 1318:	
        -: 1319:  //check if supply pile is empty (0) or card is not used in game (-1)
    #####: 1320:  if ( supplyCount(supplyPos, state) < 1 )
call    0 never executed
branch  1 never executed
branch  2 never executed
        -: 1321:    {
    #####: 1322:      return -1;
        -: 1323:    }
        -: 1324:	
        -: 1325:  //added card for [whoseTurn] current player:
        -: 1326:  // toFlag = 0 : add to discard
        -: 1327:  // toFlag = 1 : add to deck
        -: 1328:  // toFlag = 2 : add to hand
        -: 1329:
    #####: 1330:  if (toFlag == 1)
branch  0 never executed
branch  1 never executed
        -: 1331:    {
    #####: 1332:      state->deck[ player ][ state->deckCount[player] ] = supplyPos;
    #####: 1333:      state->deckCount[player]++;
        -: 1334:    }
    #####: 1335:  else if (toFlag == 2)
branch  0 never executed
branch  1 never executed
        -: 1336:    {
    #####: 1337:      state->hand[ player ][ state->handCount[player] ] = supplyPos;
    #####: 1338:      state->handCount[player]++;
        -: 1339:    }
        -: 1340:  else
        -: 1341:    {
    #####: 1342:      state->discard[player][ state->discardCount[player] ] = supplyPos;
    #####: 1343:      state->discardCount[player]++;
        -: 1344:    }
        -: 1345:	
        -: 1346:  //decrease number in supply pile
    #####: 1347:  state->supplyCount[supplyPos]--;
        -: 1348:	 
    #####: 1349:  return 0;
        -: 1350:}
        -: 1351:
function updateCoins called 5560 returned 100% blocks executed 100%
     5560: 1352:int updateCoins(int player, struct gameState *state, int bonus)
        -: 1353:{
        -: 1354:  int i;
        -: 1355:	
        -: 1356:  //reset coin count
     5560: 1357:  state->coins = 0;
        -: 1358:
        -: 1359:  //add coins for each Treasure card in player's hand
    51560: 1360:  for (i = 0; i < state->handCount[player]; i++)
branch  0 taken 89%
branch  1 taken 11% (fallthrough)
        -: 1361:    {
    46000: 1362:      if (state->hand[player][i] == copper)
branch  0 taken 55% (fallthrough)
branch  1 taken 45%
        -: 1363:	{
    25225: 1364:	  state->coins += 1;
        -: 1365:	}
    20775: 1366:      else if (state->hand[player][i] == silver)
branch  0 taken 24% (fallthrough)
branch  1 taken 76%
        -: 1367:	{
     5050: 1368:	  state->coins += 2;
        -: 1369:	}
    15725: 1370:      else if (state->hand[player][i] == gold)
branch  0 taken 32% (fallthrough)
branch  1 taken 68%
        -: 1371:	{
     5050: 1372:	  state->coins += 3;
        -: 1373:	}	
        -: 1374:    }	
        -: 1375:
        -: 1376:  //add bonus
     5560: 1377:  state->coins += bonus;
        -: 1378:
     5560: 1379:  return 0;
        -: 1380:}
        -: 1381:
        -: 1382:
        -: 1383://end of dominion.c
        -: 1384:
